<?xml version="1.0" encoding="UTF-8"?>
<!-- Generated by org.testng.reporters.JUnitReportReporter -->
<testsuite skipped="0" hostname="kceo-MS-7B29" name="firstTest" tests="1" failures="0" timestamp="2020-05-25T13:01:11 KRAT" time="6.579" errors="0">
  <testcase name="testValidLoginAndPassword" time="6.579" classname="firstTest"/>
</testsuite> <!-- firstTest -->
